<?xml version="1.0" encoding="UTF-8"?>
<beans xmlns="http://www.springframework.org/schema/beans"
	xmlns:xsi="http://www.w3.org/2001/XMLSchema-instance"
	xmlns:context="http://www.springframework.org/schema/context"
	xsi:schemaLocation="http://www.springframework.org/schema/beans http://www.springframework.org/schema/beans/spring-beans-3.0.xsd
		http://www.springframework.org/schema/context http://www.springframework.org/schema/context/spring-context-4.3.xsd">
	<!-- HandlerMapping 설정 -->
	
	<!-- annotation 방법일때 사용 x
	<bean id="defaultHandlerMapping"
		class="org.springframework.web.servlet.handler.BeanNameUrlHandlerMapping" />
	 -->
	 
	<!-- Controller 설정 -->
	
	
	<!--  annotation 방법일때 사용 x
	<bean name="/index.do" class="pack.TestController"/>
	-->
	<!--  annotation 방법 사용 -->
	<context:component-scan base-package="pack"/>
	
	
	
	<!-- ViewResolver 설정 -->
	<bean id="viewResolver"
		class="org.springframework.web.servlet.view.InternalResourceViewResolver">
		<property name="prefix" value="/" /> <!-- 경로 -->
		<property name="suffix" value=".jsp" /> <!-- .jsp파일로 / 경로 찾아 -->
	</bean>
</beans>